Build started 4/21/2017 1:49:52 AM.
     1>Project "D:\Learning\LaptrinhC++\homework\SDL\SDL\SDL.vcxproj" on node 2 (Build target(s)).
     1>ClCompile:
         C:\Program Files (x86)\Microsoft Visual Studio 12.0\VC\bin\CL.exe /c /ID:\Learning\LaptrinhC++\homework\SDL\sdlcp\include /ZI /nologo /W3 /WX- /sdl /Od /Oy- /D _MBCS /Gm /EHsc /RTC1 /MDd /GS /fp:precise /Zc:wchar_t /Zc:forScope /Fo"Debug\\" /Fd"Debug\vc120.pdb" /Gd /TP /analyze- /errorReport:prompt Display.cpp Game.cpp Media.cpp Player.cpp main.cpp
         Media.cpp
         Game.cpp
     1>d:\learning\laptrinhc++\homework\sdl\sdl\game.cpp(162): warning C4018: '<' : signed/unsigned mismatch
     1>d:\learning\laptrinhc++\homework\sdl\sdl\game.cpp(164): warning C4018: '<' : signed/unsigned mismatch
     1>d:\learning\laptrinhc++\homework\sdl\sdl\game.cpp(177): warning C4018: '<' : signed/unsigned mismatch
         Generating Code...
         Skipping... (no relevant changes detected)
         main.cpp
         Player.cpp
         Display.cpp
       Link:
         C:\Program Files (x86)\Microsoft Visual Studio 12.0\VC\bin\link.exe /ERRORREPORT:PROMPT /OUT:"D:\Learning\LaptrinhC++\homework\SDL\Debug\SDL.exe" /INCREMENTAL /NOLOGO /LIBPATH:D:\Learning\LaptrinhC++\homework\SDL\sdlcp\lib\x86 SDL2.lib SDL2main.lib kernel32.lib user32.lib gdi32.lib winspool.lib comdlg32.lib advapi32.lib shell32.lib ole32.lib oleaut32.lib uuid.lib odbc32.lib odbccp32.lib /MANIFEST /MANIFESTUAC:"level='asInvoker' uiAccess='false'" /manifest:embed /DEBUG /PDB:"D:\Learning\LaptrinhC++\homework\SDL\Debug\SDL.pdb" /TLBID:1 /DYNAMICBASE /NXCOMPAT /IMPLIB:"D:\Learning\LaptrinhC++\homework\SDL\Debug\SDL.lib" /MACHINE:X86 Debug\Display.obj
         Debug\Media.obj
         Debug\Game.obj
         Debug\main.obj
         Debug\Player.obj
         Debug\utils.obj
     1>LINK : fatal error LNK1561: entry point must be defined
     1>Done Building Project "D:\Learning\LaptrinhC++\homework\SDL\SDL\SDL.vcxproj" (Build target(s)) -- FAILED.

Build FAILED.

Time Elapsed 00:00:09.48
